# JRE version: OpenJDK Runtime Environment Temurin-17.0.3+7 (17.0.3+7) (build 17.0.3+7)
# Java VM: OpenJDK 64-Bit Server VM Temurin-17.0.3+7 (17.0.3+7, mixed mode, emulated-client, tiered, compressed oops, compressed class ptrs, g1 gc, windows-amd64)
GC Precious Log:
 CPUs: 16 total, 16 available
 Memory: 16021M
 Large Page Support: Disabled
 NUMA Support: Disabled
 Compressed Oops: Enabled (Zero based)
 Heap Region Size: 2M
 Heap Min Capacity: 8M
 Heap Initial Capacity: 252M
 Heap Max Capacity: 4006M
 Pre-touch: Disabled
 Parallel Workers: 13
 Concurrent Workers: 3
 Concurrent Refinement Workers: 13
 Periodic GC: Disabled
Heap:
 garbage-first heap   total 90112K, used 25983K [0x0000000705a00000, 0x0000000800000000)
  region size 2048K, 1 young (2048K), 0 survivors (0K)
 Metaspace       used 44913K, committed 45376K, reserved 1089536K
  class space    used 6096K, committed 6272K, reserved 1048576K
GC Heap History (20 events):
Event: 1765.895 GC heap before
{Heap before GC invocations=181 (full 157):
 garbage-first heap   total 90112K, used 25983K [0x0000000705a00000, 0x0000000800000000)
  region size 2048K, 1 young (2048K), 0 survivors (0K)
 Metaspace       used 44913K, committed 45376K, reserved 1089536K
  class space    used 6096K, committed 6272K, reserved 1048576K
}
Event: 1765.914 GC heap after
{Heap after GC invocations=182 (full 158):
 garbage-first heap   total 90112K, used 25983K [0x0000000705a00000, 0x0000000800000000)
  region size 2048K, 0 young (0K), 0 survivors (0K)
 Metaspace       used 44913K, committed 45376K, reserved 1089536K
  class space    used 6096K, committed 6272K, reserved 1048576K
}
Event: 1776.153 GC heap before
{Heap before GC invocations=182 (full 158):
 garbage-first heap   total 90112K, used 25983K [0x0000000705a00000, 0x0000000800000000)
  region size 2048K, 1 young (2048K), 0 survivors (0K)
 Metaspace       used 44913K, committed 45376K, reserved 1089536K
  class space    used 6096K, committed 6272K, reserved 1048576K
}
Event: 1776.179 GC heap after
{Heap after GC invocations=183 (full 159):
 garbage-first heap   total 90112K, used 25983K [0x0000000705a00000, 0x0000000800000000)
  region size 2048K, 0 young (0K), 0 survivors (0K)
 Metaspace       used 44913K, committed 45376K, reserved 1089536K
  class space    used 6096K, committed 6272K, reserved 1048576K
}
Event: 1786.534 GC heap before
{Heap before GC invocations=183 (full 159):
 garbage-first heap   total 90112K, used 25983K [0x0000000705a00000, 0x0000000800000000)
  region size 2048K, 1 young (2048K), 0 survivors (0K)
 Metaspace       used 44913K, committed 45376K, reserved 1089536K
  class space    used 6096K, committed 6272K, reserved 1048576K
}
Event: 1786.567 GC heap after
{Heap after GC invocations=184 (full 160):
 garbage-first heap   total 90112K, used 25983K [0x0000000705a00000, 0x0000000800000000)
  region size 2048K, 0 young (0K), 0 survivors (0K)
 Metaspace       used 44913K, committed 45376K, reserved 1089536K
  class space    used 6096K, committed 6272K, reserved 1048576K
}
Event: 1796.818 GC heap before
{Heap before GC invocations=184 (full 160):
 garbage-first heap   total 90112K, used 25983K [0x0000000705a00000, 0x0000000800000000)
  region size 2048K, 1 young (2048K), 0 survivors (0K)
 Metaspace       used 44913K, committed 45376K, reserved 1089536K
  class space    used 6096K, committed 6272K, reserved 1048576K
}
Event: 1796.845 GC heap after
{Heap after GC invocations=185 (full 161):
 garbage-first heap   total 90112K, used 25983K [0x0000000705a00000, 0x0000000800000000)
  region size 2048K, 0 young (0K), 0 survivors (0K)
 Metaspace       used 44913K, committed 45376K, reserved 1089536K
  class space    used 6096K, committed 6272K, reserved 1048576K
}
Event: 1807.200 GC heap before
{Heap before GC invocations=185 (full 161):
 garbage-first heap   total 90112K, used 25983K [0x0000000705a00000, 0x0000000800000000)
  region size 2048K, 1 young (2048K), 0 survivors (0K)
 Metaspace       used 44913K, committed 45376K, reserved 1089536K
  class space    used 6096K, committed 6272K, reserved 1048576K
}
Event: 1807.236 GC heap after
{Heap after GC invocations=186 (full 162):
 garbage-first heap   total 90112K, used 25983K [0x0000000705a00000, 0x0000000800000000)
  region size 2048K, 0 young (0K), 0 survivors (0K)
 Metaspace       used 44913K, committed 45376K, reserved 1089536K
  class space    used 6096K, committed 6272K, reserved 1048576K
}
Event: 1817.458 GC heap before
{Heap before GC invocations=186 (full 162):
 garbage-first heap   total 90112K, used 25983K [0x0000000705a00000, 0x0000000800000000)
  region size 2048K, 1 young (2048K), 0 survivors (0K)
 Metaspace       used 44913K, committed 45376K, reserved 1089536K
  class space    used 6096K, committed 6272K, reserved 1048576K
}
Event: 1817.487 GC heap after
{Heap after GC invocations=187 (full 163):
 garbage-first heap   total 90112K, used 25983K [0x0000000705a00000, 0x0000000800000000)
  region size 2048K, 0 young (0K), 0 survivors (0K)
 Metaspace       used 44913K, committed 45376K, reserved 1089536K
  class space    used 6096K, committed 6272K, reserved 1048576K
}
Event: 1827.728 GC heap before
{Heap before GC invocations=187 (full 163):
 garbage-first heap   total 90112K, used 25983K [0x0000000705a00000, 0x0000000800000000)
  region size 2048K, 1 young (2048K), 0 survivors (0K)
 Metaspace       used 44913K, committed 45376K, reserved 1089536K
  class space    used 6096K, committed 6272K, reserved 1048576K
}
Event: 1827.755 GC heap after
{Heap after GC invocations=188 (full 164):
 garbage-first heap   total 90112K, used 25983K [0x0000000705a00000, 0x0000000800000000)
  region size 2048K, 0 young (0K), 0 survivors (0K)
 Metaspace       used 44913K, committed 45376K, reserved 1089536K
  class space    used 6096K, committed 6272K, reserved 1048576K
}
Event: 1838.029 GC heap before
{Heap before GC invocations=188 (full 164):
 garbage-first heap   total 90112K, used 25983K [0x0000000705a00000, 0x0000000800000000)
  region size 2048K, 1 young (2048K), 0 survivors (0K)
 Metaspace       used 44913K, committed 45376K, reserved 1089536K
  class space    used 6096K, committed 6272K, reserved 1048576K
}
Event: 1838.058 GC heap after
{Heap after GC invocations=189 (full 165):
 garbage-first heap   total 90112K, used 25983K [0x0000000705a00000, 0x0000000800000000)
  region size 2048K, 0 young (0K), 0 survivors (0K)
 Metaspace       used 44913K, committed 45376K, reserved 1089536K
  class space    used 6096K, committed 6272K, reserved 1048576K
}
Event: 1848.307 GC heap before
{Heap before GC invocations=189 (full 165):
 garbage-first heap   total 90112K, used 25983K [0x0000000705a00000, 0x0000000800000000)
  region size 2048K, 1 young (2048K), 0 survivors (0K)
 Metaspace       used 44913K, committed 45376K, reserved 1089536K
  class space    used 6096K, committed 6272K, reserved 1048576K
}
Event: 1848.334 GC heap after
{Heap after GC invocations=190 (full 166):
 garbage-first heap   total 90112K, used 25983K [0x0000000705a00000, 0x0000000800000000)
  region size 2048K, 0 young (0K), 0 survivors (0K)
 Metaspace       used 44913K, committed 45376K, reserved 1089536K
  class space    used 6096K, committed 6272K, reserved 1048576K
}
Event: 1858.638 GC heap before
{Heap before GC invocations=190 (full 166):
 garbage-first heap   total 90112K, used 25983K [0x0000000705a00000, 0x0000000800000000)
  region size 2048K, 1 young (2048K), 0 survivors (0K)
 Metaspace       used 44913K, committed 45376K, reserved 1089536K
  class space    used 6096K, committed 6272K, reserved 1048576K
}
Event: 1858.673 GC heap after
{Heap after GC invocations=191 (full 167):
 garbage-first heap   total 90112K, used 25983K [0x0000000705a00000, 0x0000000800000000)
  region size 2048K, 0 young (0K), 0 survivors (0K)
 Metaspace       used 44913K, committed 45376K, reserved 1089536K
  class space    used 6096K, committed 6272K, reserved 1048576K
}

